2026-06-13 14:51:14,059 [INFO] Starting Baseline 1 Training Pipeline
2026-06-13 14:53:36,888 [INFO] Initializing training loop
2026-06-13 14:53:36,889 [INFO] All outputs will be saved to: /kaggle/working/Hierarchical-Deep-Temporal-Model-for-Group-Activity-Recognition/models/baseline_1/outputs/baseline_1_run_20260613_145114
2026-06-13 14:53:36,889 [INFO] 
=============== Epoch 1/15 ===============
2026-06-13 14:56:36,552 [INFO] Evaluating validation set
2026-06-13 14:58:33,028 [INFO] Train Loss: 0.9771 | Train Acc: 64.36%
2026-06-13 14:58:33,029 [INFO] Val Loss:   1.1167 | Val Acc:   63.62%
2026-06-13 14:58:33,029 [INFO] 
 Validation Metrics Breakdown
2026-06-13 14:58:33,058 [INFO] 
              precision    recall  f1-score   support

           0       0.62      0.56      0.59      1521
           1       0.75      0.65      0.70      1701
           2       0.63      0.66      0.64      2142
           3       0.75      0.81      0.78       765
           4       0.82      0.80      0.81       936
           5       0.62      0.41      0.49      1998
           6       0.77      0.57      0.65      1566
           7       0.45      0.84      0.59      1440

    accuracy                           0.64     12069
   macro avg       0.67      0.66      0.66     12069
weighted avg       0.66      0.64      0.64     12069

2026-06-13 14:58:33,058 [INFO] ** Validation accuracy improved from 0.00% to 63.62%. Saving model **
2026-06-13 14:58:34,490 [INFO] 
=============== Epoch 2/15 ===============
2026-06-13 15:01:11,916 [INFO] Evaluating validation set
2026-06-13 15:02:54,034 [INFO] Train Loss: 0.1389 | Train Acc: 95.51%
2026-06-13 15:02:54,034 [INFO] Val Loss:   1.4112 | Val Acc:   64.45%
2026-06-13 15:02:54,034 [INFO] 
 Validation Metrics Breakdown
2026-06-13 15:02:54,062 [INFO] 
              precision    recall  f1-score   support

           0       0.50      0.78      0.61      1521
           1       0.76      0.60      0.67      1701
           2       0.66      0.46      0.54      2142
           3       0.69      0.84      0.76       765
           4       0.94      0.62      0.75       936
           5       0.57      0.70      0.63      1998
           6       0.72      0.71      0.72      1566
           7       0.65      0.58      0.61      1440

    accuracy                           0.64     12069
   macro avg       0.69      0.66      0.66     12069
weighted avg       0.67      0.64      0.64     12069

2026-06-13 15:02:54,062 [INFO] ** Validation accuracy improved from 63.62% to 64.45%. Saving model **
2026-06-13 15:02:56,192 [INFO] 
=============== Epoch 3/15 ===============
2026-06-13 15:05:29,735 [INFO] Evaluating validation set
2026-06-13 15:07:12,621 [INFO] Train Loss: 0.0581 | Train Acc: 98.10%
2026-06-13 15:07:12,621 [INFO] Val Loss:   1.4030 | Val Acc:   66.62%
2026-06-13 15:07:12,622 [INFO] 
 Validation Metrics Breakdown
2026-06-13 15:07:12,657 [INFO] 
              precision    recall  f1-score   support

           0       0.62      0.55      0.58      1521
           1       0.67      0.70      0.69      1701
           2       0.65      0.62      0.63      2142
           3       0.81      0.76      0.78       765
           4       0.90      0.80      0.85       936
           5       0.55      0.73      0.63      1998
           6       0.73      0.71      0.72      1566
           7       0.68      0.55      0.61      1440

    accuracy                           0.67     12069
   macro avg       0.70      0.68      0.69     12069
weighted avg       0.67      0.67      0.67     12069

2026-06-13 15:07:12,658 [INFO] ** Validation accuracy improved from 64.45% to 66.62%. Saving model **
2026-06-13 15:07:14,357 [INFO] 
=============== Epoch 4/15 ===============
2026-06-13 15:09:53,986 [INFO] Evaluating validation set
2026-06-13 15:11:36,722 [INFO] Train Loss: 0.0302 | Train Acc: 99.08%
2026-06-13 15:11:36,722 [INFO] Val Loss:   1.5414 | Val Acc:   67.33%
2026-06-13 15:11:36,722 [INFO] 
 Validation Metrics Breakdown
2026-06-13 15:11:36,754 [INFO] 
              precision    recall  f1-score   support

           0       0.61      0.62      0.62      1521
           1       0.69      0.73      0.71      1701
           2       0.69      0.59      0.64      2142
           3       0.82      0.79      0.81       765
           4       0.89      0.85      0.87       936
           5       0.53      0.74      0.62      1998
           6       0.73      0.70      0.71      1566
           7       0.71      0.48      0.57      1440

    accuracy                           0.67     12069
   macro avg       0.71      0.69      0.69     12069
weighted avg       0.69      0.67      0.67     12069

2026-06-13 15:11:36,754 [INFO] ** Validation accuracy improved from 66.62% to 67.33%. Saving model **
2026-06-13 15:11:38,473 [INFO] 
=============== Epoch 5/15 ===============
2026-06-13 15:14:18,103 [INFO] Evaluating validation set
2026-06-13 15:16:00,316 [INFO] Train Loss: 0.0170 | Train Acc: 99.47%
2026-06-13 15:16:00,316 [INFO] Val Loss:   1.5401 | Val Acc:   68.66%
2026-06-13 15:16:00,317 [INFO] 
 Validation Metrics Breakdown
2026-06-13 15:16:00,343 [INFO] 
              precision    recall  f1-score   support

           0       0.62      0.62      0.62      1521
           1       0.73      0.71      0.72      1701
           2       0.65      0.63      0.64      2142
           3       0.81      0.82      0.82       765
           4       0.89      0.85      0.87       936
           5       0.58      0.73      0.65      1998
           6       0.74      0.69      0.71      1566
           7       0.70      0.57      0.63      1440

    accuracy                           0.69     12069
   macro avg       0.71      0.70      0.71     12069
weighted avg       0.69      0.69      0.69     12069

2026-06-13 15:16:00,343 [INFO] ** Validation accuracy improved from 67.33% to 68.66%. Saving model **
2026-06-13 15:16:01,911 [INFO] 
=============== Epoch 6/15 ===============
2026-06-13 15:18:36,117 [INFO] Evaluating validation set
2026-06-13 15:20:19,188 [INFO] Train Loss: 0.0076 | Train Acc: 99.77%
2026-06-13 15:20:19,189 [INFO] Val Loss:   1.5737 | Val Acc:   68.97%
2026-06-13 15:20:19,189 [INFO] 
 Validation Metrics Breakdown
2026-06-13 15:20:19,216 [INFO] 
              precision    recall  f1-score   support

           0       0.62      0.62      0.62      1521
           1       0.73      0.71      0.72      1701
           2       0.68      0.63      0.65      2142
           3       0.74      0.87      0.80       765
           4       0.89      0.79      0.84       936
           5       0.60      0.73      0.66      1998
           6       0.72      0.75      0.73      1566
           7       0.69      0.56      0.62      1440

    accuracy                           0.69     12069
   macro avg       0.71      0.71      0.71     12069
weighted avg       0.69      0.69      0.69     12069

2026-06-13 15:20:19,216 [INFO] ** Validation accuracy improved from 68.66% to 68.97%. Saving model **
2026-06-13 15:20:20,779 [INFO] 
=============== Epoch 7/15 ===============
2026-06-13 15:22:58,853 [INFO] Evaluating validation set
2026-06-13 15:24:41,336 [INFO] Train Loss: 0.0076 | Train Acc: 99.71%
2026-06-13 15:24:41,336 [INFO] Val Loss:   1.6038 | Val Acc:   68.34%
2026-06-13 15:24:41,336 [INFO] 
 Validation Metrics Breakdown
2026-06-13 15:24:41,362 [INFO] 
              precision    recall  f1-score   support

           0       0.61      0.58      0.59      1521
           1       0.71      0.72      0.71      1701
           2       0.63      0.68      0.65      2142
           3       0.85      0.82      0.83       765
           4       0.89      0.85      0.87       936
           5       0.58      0.71      0.64      1998
           6       0.79      0.63      0.70      1566
           7       0.68      0.60      0.63      1440

    accuracy                           0.68     12069
   macro avg       0.72      0.70      0.71     12069
weighted avg       0.69      0.68      0.68     12069

2026-06-13 15:24:41,362 [INFO] No improvement in validation accuracy for 1 consecutive epoch(s).
2026-06-13 15:24:41,362 [INFO] 
=============== Epoch 8/15 ===============
2026-06-13 15:27:21,056 [INFO] Evaluating validation set
2026-06-13 15:29:06,192 [INFO] Train Loss: 0.0045 | Train Acc: 99.85%
2026-06-13 15:29:06,193 [INFO] Val Loss:   1.6437 | Val Acc:   69.32%
2026-06-13 15:29:06,193 [INFO] 
 Validation Metrics Breakdown
2026-06-13 15:29:06,226 [INFO] 
              precision    recall  f1-score   support

           0       0.60      0.62      0.61      1521
           1       0.73      0.71      0.72      1701
           2       0.70      0.62      0.66      2142
           3       0.85      0.81      0.83       765
           4       0.89      0.86      0.88       936
           5       0.58      0.74      0.65      1998
           6       0.75      0.73      0.74      1566
           7       0.68      0.57      0.62      1440

    accuracy                           0.69     12069
   macro avg       0.72      0.71      0.71     12069
weighted avg       0.70      0.69      0.69     12069

2026-06-13 15:29:06,226 [INFO] ** Validation accuracy improved from 68.97% to 69.32%. Saving model **
2026-06-13 15:29:07,858 [INFO] 
=============== Epoch 9/15 ===============
2026-06-13 15:31:47,803 [INFO] Evaluating validation set
2026-06-13 15:33:29,997 [INFO] Train Loss: 0.0045 | Train Acc: 99.82%
2026-06-13 15:33:29,997 [INFO] Val Loss:   1.6414 | Val Acc:   68.49%
2026-06-13 15:33:29,997 [INFO] 
 Validation Metrics Breakdown
2026-06-13 15:33:30,025 [INFO] 
              precision    recall  f1-score   support

           0       0.62      0.60      0.61      1521
           1       0.71      0.70      0.71      1701
           2       0.70      0.61      0.65      2142
           3       0.79      0.85      0.82       765
           4       0.90      0.85      0.87       936
           5       0.55      0.75      0.64      1998
           6       0.76      0.68      0.72      1566
           7       0.68      0.57      0.62      1440

    accuracy                           0.68     12069
   macro avg       0.72      0.70      0.71     12069
weighted avg       0.69      0.68      0.69     12069

2026-06-13 15:33:30,025 [INFO] No improvement in validation accuracy for 1 consecutive epoch(s).
2026-06-13 15:33:30,026 [INFO] 
=============== Epoch 10/15 ===============
2026-06-13 15:36:07,415 [INFO] Evaluating validation set
2026-06-13 15:37:50,997 [INFO] Train Loss: 0.0037 | Train Acc: 99.86%
2026-06-13 15:37:50,997 [INFO] Val Loss:   1.6212 | Val Acc:   69.15%
2026-06-13 15:37:50,997 [INFO] 
 Validation Metrics Breakdown
2026-06-13 15:37:51,025 [INFO] 
              precision    recall  f1-score   support

           0       0.64      0.57      0.60      1521
           1       0.70      0.73      0.72      1701
           2       0.67      0.65      0.66      2142
           3       0.83      0.81      0.82       765
           4       0.89      0.87      0.88       936
           5       0.59      0.71      0.65      1998
           6       0.77      0.70      0.73      1566
           7       0.65      0.63      0.64      1440

    accuracy                           0.69     12069
   macro avg       0.72      0.71      0.71     12069
weighted avg       0.69      0.69      0.69     12069

2026-06-13 15:37:51,025 [INFO] No improvement in validation accuracy for 2 consecutive epoch(s).
2026-06-13 15:37:51,025 [INFO] 
=============== Epoch 11/15 ===============
2026-06-13 15:40:31,989 [INFO] Evaluating validation set
2026-06-13 15:42:15,575 [INFO] Train Loss: 0.0027 | Train Acc: 99.91%
2026-06-13 15:42:15,576 [INFO] Val Loss:   1.6575 | Val Acc:   69.19%
2026-06-13 15:42:15,576 [INFO] 
 Validation Metrics Breakdown
2026-06-13 15:42:15,609 [INFO] 
              precision    recall  f1-score   support

           0       0.61      0.63      0.62      1521
           1       0.73      0.70      0.72      1701
           2       0.67      0.64      0.65      2142
           3       0.81      0.82      0.82       765
           4       0.93      0.84      0.88       936
           5       0.59      0.73      0.65      1998
           6       0.78      0.68      0.73      1566
           7       0.66      0.62      0.64      1440

    accuracy                           0.69     12069
   macro avg       0.72      0.71      0.71     12069
weighted avg       0.70      0.69      0.69     12069

2026-06-13 15:42:15,609 [INFO] No improvement in validation accuracy for 3 consecutive epoch(s).
2026-06-13 15:42:15,609 [INFO] 
=============== Epoch 12/15 ===============
2026-06-13 15:44:54,492 [INFO] Evaluating validation set
2026-06-13 15:46:36,738 [INFO] Train Loss: 0.0026 | Train Acc: 99.89%
2026-06-13 15:46:36,738 [INFO] Val Loss:   1.6619 | Val Acc:   69.43%
2026-06-13 15:46:36,739 [INFO] 
 Validation Metrics Breakdown
2026-06-13 15:46:36,768 [INFO] 
              precision    recall  f1-score   support

           0       0.61      0.61      0.61      1521
           1       0.71      0.74      0.72      1701
           2       0.71      0.61      0.65      2142
           3       0.79      0.86      0.82       765
           4       0.89      0.86      0.87       936
           5       0.58      0.75      0.65      1998
           6       0.77      0.72      0.74      1566
           7       0.71      0.57      0.63      1440

    accuracy                           0.69     12069
   macro avg       0.72      0.71      0.71     12069
weighted avg       0.70      0.69      0.69     12069

2026-06-13 15:46:36,768 [INFO] ** Validation accuracy improved from 69.32% to 69.43%. Saving model **
2026-06-13 15:46:38,444 [INFO] 
=============== Epoch 13/15 ===============
2026-06-13 15:49:16,734 [INFO] Evaluating validation set
2026-06-13 15:51:00,879 [INFO] Train Loss: 0.0026 | Train Acc: 99.91%
2026-06-13 15:51:00,880 [INFO] Val Loss:   1.6790 | Val Acc:   69.31%
2026-06-13 15:51:00,880 [INFO] 
 Validation Metrics Breakdown
2026-06-13 15:51:00,908 [INFO] 
              precision    recall  f1-score   support

           0       0.62      0.60      0.61      1521
           1       0.72      0.70      0.71      1701
           2       0.70      0.62      0.66      2142
           3       0.87      0.75      0.81       765
           4       0.87      0.89      0.88       936
           5       0.57      0.75      0.64      1998
           6       0.76      0.74      0.75      1566
           7       0.68      0.61      0.64      1440

    accuracy                           0.69     12069
   macro avg       0.72      0.71      0.71     12069
weighted avg       0.70      0.69      0.69     12069

2026-06-13 15:51:00,908 [INFO] No improvement in validation accuracy for 1 consecutive epoch(s).
2026-06-13 15:51:00,909 [INFO] 
=============== Epoch 14/15 ===============
2026-06-13 15:53:38,493 [INFO] Evaluating validation set
2026-06-13 15:55:24,384 [INFO] Train Loss: 0.0026 | Train Acc: 99.91%
2026-06-13 15:55:24,384 [INFO] Val Loss:   1.6900 | Val Acc:   69.40%
2026-06-13 15:55:24,384 [INFO] 
 Validation Metrics Breakdown
2026-06-13 15:55:24,410 [INFO] 
              precision    recall  f1-score   support

           0       0.63      0.59      0.61      1521
           1       0.70      0.73      0.72      1701
           2       0.70      0.62      0.66      2142
           3       0.87      0.75      0.81       765
           4       0.85      0.90      0.87       936
           5       0.58      0.75      0.65      1998
           6       0.77      0.72      0.75      1566
           7       0.68      0.61      0.64      1440

    accuracy                           0.69     12069
   macro avg       0.72      0.71      0.71     12069
weighted avg       0.70      0.69      0.69     12069

2026-06-13 15:55:24,410 [INFO] No improvement in validation accuracy for 2 consecutive epoch(s).
2026-06-13 15:55:24,410 [INFO] 
=============== Epoch 15/15 ===============
2026-06-13 15:57:59,887 [INFO] Evaluating validation set
2026-06-13 15:59:43,321 [INFO] Train Loss: 0.0023 | Train Acc: 99.89%
2026-06-13 15:59:43,321 [INFO] Val Loss:   1.6687 | Val Acc:   69.61%
2026-06-13 15:59:43,321 [INFO] 
 Validation Metrics Breakdown
2026-06-13 15:59:43,351 [INFO] 
              precision    recall  f1-score   support

           0       0.61      0.60      0.60      1521
           1       0.71      0.73      0.72      1701
           2       0.69      0.62      0.66      2142
           3       0.87      0.77      0.82       765
           4       0.87      0.89      0.88       936
           5       0.59      0.73      0.65      1998
           6       0.76      0.74      0.75      1566
           7       0.69      0.61      0.65      1440

    accuracy                           0.70     12069
   macro avg       0.72      0.71      0.72     12069
weighted avg       0.70      0.70      0.70     12069

2026-06-13 15:59:43,351 [INFO] ** Validation accuracy improved from 69.43% to 69.61%. Saving model **
2026-06-13 15:59:45,002 [INFO] 
============================================================
2026-06-13 15:59:45,002 [INFO] Training Pipeline Complete!
2026-06-13 15:59:45,002 [INFO] Best Validation Accuracy: 69.61%
2026-06-13 15:59:45,003 [INFO] Checkpoint safely stored at:
   -> /kaggle/working/Hierarchical-Deep-Temporal-Model-for-Group-Activity-Recognition/models/baseline_1/outputs/baseline_1_run_20260613_145114/best_baseline1.pth
2026-06-13 15:59:45,003 [INFO] ============================================================

2026-06-13 15:59:45,004 [INFO] Baseline 1 Training Complete!
